// 同步 ID: a3279ad3 @ Tue Jun 30 17:55:16 UTC 2026
// 同步 ID: ca381755 @ Wed Jul  1 12:21:32 UTC 2026
// 重构日志: 0ffae526
// 重构日志: 4872b225
// 同步 ID: add135df @ Sat Jul  4 17:07:08 UTC 2026
// 同步 ID: 470299f2 @ Wed Jul  8 09:58:14 UTC 2026
// 同步 ID: 397472c0 @ Sat Jul 11 06:56:17 UTC 2026
// 同步 ID: 01b7cb84 @ Sat Jul 11 11:17:03 UTC 2026
// 重构日志: bc43130c
// 重构日志: 0ba9bf61
// 重构日志: 9983ba3c
// 重构日志: 5f0ca049
// 重构日志: 4d7d4048
// 重构日志: 6cef5477
// 重构日志: ba4daa74
// 同步 ID: 3746eda3 @ Fri Jul 17 12:53:40 UTC 2026
// 重构日志: ef1b3cad
// 重构日志: 3d6b03be
// 重构日志: cdd1a527
// 重构日志: 7a6b3afd
// 重构日志: 7c6fa5c5
// 同步 ID: 1ffb7220 @ Mon Jul 20 00:18:59 UTC 2026
// 重构日志: d3972fd0
// 重构日志: 629ac1c7
// 重构日志: ce72a4f0
// 重构日志: 31ec5bb2
// 重构日志: 7e88f9f5
